#
# There is insufficient memory for the Java Runtime Environment to continue.
# Native memory allocation (mmap) failed to map 234881024 bytes for G1 virtual space
# Possible reasons:
#   The system is out of physical RAM or swap space
#   The process is running with CompressedOops enabled, and the Java Heap may be blocking the growth of the native heap
# Possible solutions:
#   Reduce memory load on the system
#   Increase physical memory or swap space
#   Check if swap backing store is full
#   Decrease Java heap size (-Xmx/-Xms)
#   Decrease number of Java threads
#   Decrease Java thread stack sizes (-Xss)
#   Set larger code cache with -XX:ReservedCodeCacheSize=
#   JVM is running with Zero Based Compressed Oops mode in which the Java heap is
#     placed in the first 32GB address space. The Java Heap base address is the
#     maximum limit for the native heap growth. Please use -XX:HeapBaseMinAddress
#     to set the Java Heap base and to place the Java Heap above 32GB virtual address.
# This output file may be truncated or incomplete.
#
#  Out of Memory Error (os_windows.cpp:3536), pid=14912, tid=14960
#
# JRE version:  (19.0.2+7) (build )
# Java VM: Java HotSpot(TM) 64-Bit Server VM (19.0.2+7-44, mixed mode, sharing, tiered, compressed oops, compressed class ptrs, g1 gc, windows-amd64)
# No core dump will be written. Minidumps are not enabled by default on client versions of Windows
#

---------------  S U M M A R Y ------------

Command Line: com.umariana.laboratorio1.Laboratorio1

Host: AMD Ryzen 5 3400G with Radeon Vega Graphics    , 8 cores, 13G,  Windows 10 , 64 bit Build 19041 (10.0.19041.3155)
Time: Mon Aug 21 17:09:50 2023 Hora est. Pacífico, Sudamérica elapsed time: 0.022780 seconds (0d 0h 0m 0s)

---------------  T H R E A D  ---------------

Current thread (0x000001ff6df1be40):  JavaThread "Unknown thread" [_thread_in_vm, id=14960, stack(0x0000000e2bf00000,0x0000000e2c000000)]

Stack: [0x0000000e2bf00000,0x0000000e2c000000]
Native frames: (J=compiled Java code, j=interpreted, Vv=VM code, C=native code)
V  [jvm.dll+0x6ee21a]
V  [jvm.dll+0x85765e]
V  [jvm.dll+0x85904e]
V  [jvm.dll+0x859703]
V  [jvm.dll+0x28298f]
V  [jvm.dll+0x6eb009]
V  [jvm.dll+0x6dfbaa]
V  [jvm.dll+0x3573f6]
V  [jvm.dll+0x35ee56]
V  [jvm.dll+0x3b541e]
V  [jvm.dll+0x3b564f]
V  [jvm.dll+0x32c9ea]
V  [jvm.dll+0x32d89e]
V  [jvm.dll+0x821780]
V  [jvm.dll+0x3c2661]
V  [jvm.dll+0x801f51]
V  [jvm.dll+0x44ae8f]
V  [jvm.dll+0x44c811]
C  [jli.dll+0x5287]
C  [ucrtbase.dll+0x21bb2]
C  [KERNEL32.DLL+0x17614]
C  [ntdll.dll+0x526b1]


---------------  P R O C E S S  ---------------

Threads class SMR info:
_java_thread_list=0x00007ff8b27fd048, length=0, elements={
}

Java Threads: ( => current thread )

Other Threads:
  0x000001ff6df82840 WorkerThread "GC Thread#0" [stack: 0x0000000e2c000000,0x0000000e2c100000] [id=14956]
  0x000001ff6df91840 ConcurrentGCThread "G1 Main Marker" [stack: 0x0000000e2c100000,0x0000000e2c200000] [id=14948]
  0x000001ff6df92e80 WorkerThread "G1 Conc#0" [stack: 0x0000000e2c200000,0x0000000e2c300000] [id=12716]

[error occurred during error reporting (printing all threads), id 0xc0000005, EXCEPTION_ACCESS_VIOLATION (0xc0000005) at pc=0x00007ff8b1fbd427]

VM state: not at safepoint (not fully initialized)

VM Mutex/Monitor currently owned by a thread:  ([mutex/lock_event])
[0x000001ff6df18050] Heap_lock - owner thread: 0x000001ff6df1be40

Heap address: 0x0000000721000000, size: 3568 MB, Compressed Oops mode: Zero based, Oop shift amount: 3

CDS archive(s) mapped at: [0x0000000000000000-0x0000000000000000-0x0000000000000000), size 0, SharedBaseAddress: 0x0000000800000000, ArchiveRelocationMode: 0.
Narrow klass base: 0x0000000000000000, Narrow klass shift: 0, Narrow klass range: 0x0

GC Precious Log:
 CardTable entry size: 512
 Card Set container configuration: InlinePtr #cards 4 size 8 Array Of Cards #cards 16 size 48 Howl #buckets 8 coarsen threshold 3686 Howl Bitmap #cards 512 size 80 coarsen threshold 460 Card regions per heap region 1 cards per card region 4096

Heap:
 garbage-first heap   total 0K, used 0K [0x0000000721000000, 0x0000000800000000)
  region size 2048K, 0 young (0K), 0 survivors (0K)

[error occurred during error reporting (printing heap information), id 0xc0000005, EXCEPTION_ACCESS_VIOLATION (0xc0000005) at pc=0x00007ff8b23c6649]

GC Heap History (0 events):
No events

Dll operation events (1 events):
Event: 0.014 Loaded shared library D:\jdk-19.0.2\bin\java.dll

Deoptimization events (0 events):
No events

Classes loaded (0 events):
No events

Classes unloaded (0 events):
No events

Classes redefined (0 events):
No events

Internal exceptions (0 events):
No events

VM Operations (0 events):
No events

Events (0 events):
No events


Dynamic libraries:
0x00007ff722df0000 - 0x00007ff722e00000 	D:\jdk-19.0.2\bin\java.exe
0x00007ff8fb250000 - 0x00007ff8fb448000 	C:\Windows\SYSTEM32\ntdll.dll
0x00007ff8fb0b0000 - 0x00007ff8fb16f000 	C:\Windows\System32\KERNEL32.DLL
0x00007ff8f8c30000 - 0x00007ff8f8f26000 	C:\Windows\System32\KERNELBASE.dll
0x00007ff8f9100000 - 0x00007ff8f9200000 	C:\Windows\System32\ucrtbase.dll
0x00007ff8ce4e0000 - 0x00007ff8ce4fb000 	D:\jdk-19.0.2\bin\VCRUNTIME140.dll
0x00007ff8ea3b0000 - 0x00007ff8ea3c8000 	D:\jdk-19.0.2\bin\jli.dll
0x00007ff8faf20000 - 0x00007ff8fafcf000 	C:\Windows\System32\ADVAPI32.dll
0x00007ff8fb170000 - 0x00007ff8fb20e000 	C:\Windows\System32\msvcrt.dll
0x00007ff8fac20000 - 0x00007ff8facbc000 	C:\Windows\System32\sechost.dll
0x00007ff8fa9b0000 - 0x00007ff8faad6000 	C:\Windows\System32\RPCRT4.dll
0x00007ff8f9890000 - 0x00007ff8f9a2d000 	C:\Windows\System32\USER32.dll
0x00007ff8f90d0000 - 0x00007ff8f90f2000 	C:\Windows\System32\win32u.dll
0x00007ff8f9300000 - 0x00007ff8f932c000 	C:\Windows\System32\GDI32.dll
0x00007ff8f8fb0000 - 0x00007ff8f90c5000 	C:\Windows\System32\gdi32full.dll
0x00007ff8f8b00000 - 0x00007ff8f8b9d000 	C:\Windows\System32\msvcp_win.dll
0x00007ff8e2470000 - 0x00007ff8e270a000 	C:\Windows\WinSxS\amd64_microsoft.windows.common-controls_6595b64144ccf1df_6.0.19041.1110_none_60b5254171f9507e\COMCTL32.dll
0x00007ff8f83d0000 - 0x00007ff8f83da000 	C:\Windows\SYSTEM32\VERSION.dll
0x00007ff8f92b0000 - 0x00007ff8f92e0000 	C:\Windows\System32\IMM32.DLL
0x000000006ea00000 - 0x000000006ea0c000 	C:\Program Files (x86)\360\Total Security\safemon\SafeWrapper.dll
0x00007ff8dd1a0000 - 0x00007ff8dd232000 	C:\Program Files (x86)\360\Total Security\safemon\libzdtp64.dll
0x00007ff8fa0d0000 - 0x00007ff8fa814000 	C:\Windows\System32\SHELL32.dll
0x00007ff8f97c0000 - 0x00007ff8f9815000 	C:\Windows\System32\SHLWAPI.dll
0x00007ff8e8870000 - 0x00007ff8e887c000 	D:\jdk-19.0.2\bin\vcruntime140_1.dll
0x00007ff8b2b40000 - 0x00007ff8b2bce000 	D:\jdk-19.0.2\bin\msvcp140.dll
0x00007ff8b1c80000 - 0x00007ff8b2940000 	D:\jdk-19.0.2\bin\server\jvm.dll
0x00007ff8eff60000 - 0x00007ff8eff69000 	C:\Windows\SYSTEM32\WSOCK32.dll
0x00007ff8f1130000 - 0x00007ff8f1157000 	C:\Windows\SYSTEM32\WINMM.dll
0x00007ff8fa050000 - 0x00007ff8fa0bb000 	C:\Windows\System32\WS2_32.dll
0x00007ff8f6780000 - 0x00007ff8f6792000 	C:\Windows\SYSTEM32\kernel.appcore.dll
0x00007ff8ce460000 - 0x00007ff8ce46a000 	D:\jdk-19.0.2\bin\jimage.dll
0x00007ff8f0d70000 - 0x00007ff8f0f54000 	C:\Windows\SYSTEM32\DBGHELP.DLL
0x00007ff8dc550000 - 0x00007ff8dc584000 	C:\Windows\SYSTEM32\dbgcore.DLL
0x00007ff8f8ba0000 - 0x00007ff8f8c22000 	C:\Windows\System32\bcryptPrimitives.dll
0x00007ff8ce470000 - 0x00007ff8ce496000 	D:\jdk-19.0.2\bin\java.dll

dbghelp: loaded successfully - version: 4.0.5 - missing functions: none
symbol engine: initialized successfully - sym options: 0x614 - pdb path: .;D:\jdk-19.0.2\bin;C:\Windows\SYSTEM32;C:\Windows\WinSxS\amd64_microsoft.windows.common-controls_6595b64144ccf1df_6.0.19041.1110_none_60b5254171f9507e;C:\Program Files (x86)\360\Total Security\safemon;D:\jdk-19.0.2\bin\server

VM Arguments:
java_command: com.umariana.laboratorio1.Laboratorio1
java_class_path (initial): C:\Users\ADMIN\Documents\NetBeansProjects\laboratorio16-main\laboratorio1\target\classes
Launcher Type: SUN_STANDARD

[Global flags]
     intx CICompilerCount                          = 4                                         {product} {ergonomic}
     uint ConcGCThreads                            = 2                                         {product} {ergonomic}
     uint G1ConcRefinementThreads                  = 8                                         {product} {ergonomic}
   size_t G1HeapRegionSize                         = 2097152                                   {product} {ergonomic}
    uintx GCDrainStackTargetSize                   = 64                                        {product} {ergonomic}
   size_t InitialHeapSize                          = 234881024                                 {product} {ergonomic}
   size_t MarkStackSize                            = 4194304                                   {product} {ergonomic}
   size_t MaxHeapSize                              = 3741319168                                {product} {ergonomic}
   size_t MinHeapDeltaBytes                        = 2097152                                   {product} {ergonomic}
   size_t MinHeapSize                              = 8388608                                   {product} {ergonomic}
    uintx NonNMethodCodeHeapSize                   = 5839372                                {pd product} {ergonomic}
    uintx NonProfiledCodeHeapSize                  = 122909434                              {pd product} {ergonomic}
    uintx ProfiledCodeHeapSize                     = 122909434                              {pd product} {ergonomic}
    uintx ReservedCodeCacheSize                    = 251658240                              {pd product} {ergonomic}
     bool SegmentedCodeCache                       = true                                      {product} {ergonomic}
   size_t SoftMaxHeapSize                          = 3741319168                             {manageable} {ergonomic}
     bool UseCompressedClassPointers               = true                           {product lp64_product} {ergonomic}
     bool UseCompressedOops                        = true                           {product lp64_product} {ergonomic}
     bool UseG1GC                                  = true                                      {product} {ergonomic}
     bool UseLargePagesIndividualAllocation        = false                                  {pd product} {ergonomic}

Logging:
Log output configuration:
 #0: stdout all=warning uptime,level,tags foldmultilines=false
 #1: stderr all=off uptime,level,tags foldmultilines=false

Environment Variables:
JAVA_HOME=D:\jdk-19.0.2
PATH=C:\Program Files (x86)\Common Files\Oracle\Java\javapath;C:\Windows\system32;C:\Windows;C:\Windows\System32\Wbem;C:\Windows\System32\WindowsPowerShell\v1.0\;C:\Windows\System32\OpenSSH\;C:\Program Files\dotnet\;C:\Program Files (x86)\dotnet\;C:\Program Files\Git\cmd;C:\Users\ADMIN\AppData\Local\Microsoft\WindowsApps;;C:\Users\ADMIN\AppData\Local\Programs\Microsoft VS Code\bin
USERNAME=ADMIN
OS=Windows_NT
PROCESSOR_IDENTIFIER=AMD64 Family 23 Model 24 Stepping 1, AuthenticAMD
TMP=C:\Users\ADMIN\AppData\Local\Temp
TEMP=C:\Users\ADMIN\AppData\Local\Temp



---------------  S Y S T E M  ---------------

OS:
 Windows 10 , 64 bit Build 19041 (10.0.19041.3155)
OS uptime: 0 days 2:39 hours

CPU: total 8 (initial active 8) (8 cores per cpu, 2 threads per core) family 23 model 24 stepping 1 microcode 0x0, cx8, cmov, fxsr, ht, mmx, 3dnowpref, sse, sse2, sse3, ssse3, sse4a, sse4.1, sse4.2, popcnt, lzcnt, tsc, tscinvbit, avx, avx2, aes, clmul, bmi1, bmi2, adx, sha, fma, vzeroupper, clflush, clflushopt, rdtscp

Memory: 4k page, system-wide physical 14264M (4867M free)
TotalPageFile size 20012M (AvailPageFile size 74M)
current process WorkingSet (physical memory assigned to process): 11M, peak: 11M
current process commit charge ("private bytes"): 60M, peak: 284M

vm_info: Java HotSpot(TM) 64-Bit Server VM (19.0.2+7-44) for windows-amd64 JRE (19.0.2+7-44), built on 2022-11-30T18:02:09Z by "mach5one" with MS VC++ 17.1 (VS2022)

END.
